<?xml version="1.0" encoding="UTF-8"?>
<!-- Generated by org.testng.reporters.JUnitReportReporter -->
<testsuite hostname="Olga" name="Sipacheva.LoginTest" tests="1" failures="0" timestamp="4 Apr 2016 22:38:07 GMT" time="1.866" errors="0">
  <testcase name="LoginTest" time="1.866" classname="Sipacheva.LoginTest"/>
</testsuite> <!-- Sipacheva.LoginTest -->
