<?xml version="1.0" encoding="UTF-8"?>
<!-- Generated by org.testng.reporters.JUnitReportReporter -->
<testsuite hostname="Olga" name="Sipacheva.SearchMovieFalse" tests="1" failures="0" timestamp="7 Apr 2016 22:14:19 GMT" time="1.461" errors="0">
  <testcase name="SearchMovieFalse" time="1.461" classname="Sipacheva.SearchMovieFalse"/>
</testsuite> <!-- Sipacheva.SearchMovieFalse -->
