<?xml version="1.0" encoding="UTF-8"?>
<!-- Generated by org.testng.reporters.JUnitReportReporter -->
<testsuite hostname="Olga" name="Sipacheva.Delete_movie" tests="1" failures="0" timestamp="3 Apr 2016 23:08:13 GMT" time="1.560" errors="0">
  <testcase name="testDeleteMovie" time="1.560" classname="Sipacheva.Delete_movie"/>
</testsuite> <!-- Sipacheva.Delete_movie -->
