<?xml version="1.0" encoding="UTF-8"?>
<!-- Generated by org.testng.reporters.JUnitReportReporter -->
<testsuite hostname="Olga" name="Sipacheva.Add_movie_false" tests="1" failures="0" timestamp="3 Apr 2016 23:08:13 GMT" time="1.751" errors="0">
  <testcase name="testAddMovieFalse" time="1.751" classname="Sipacheva.Add_movie_false"/>
</testsuite> <!-- Sipacheva.Add_movie_false -->
