<?xml version="1.0" encoding="UTF-8"?>
<!-- Generated by org.testng.reporters.JUnitReportReporter -->
<testsuite hostname="Olga" name="Sipacheva.SearchMovieFalse" tests="1" failures="0" timestamp="4 Apr 2016 22:38:07 GMT" time="0.553" errors="0">
  <testcase name="SearchMovieFalse" time="0.553" classname="Sipacheva.SearchMovieFalse"/>
</testsuite> <!-- Sipacheva.SearchMovieFalse -->
