<?xml version="1.0" encoding="UTF-8"?>
<!-- Generated by org.testng.reporters.JUnitReportReporter -->
<testsuite hostname="Olga" name="Sipacheva.LoginTest" tests="1" failures="0" timestamp="27 Mar 2016 21:43:36 GMT" time="1.460" errors="0">
  <testcase name="testUntitled" time="1.460" classname="Sipacheva.LoginTest"/>
</testsuite> <!-- Sipacheva.LoginTest -->
