<?xml version="1.0" encoding="UTF-8"?>
<!-- Generated by org.testng.reporters.JUnitReportReporter -->
<testsuite hostname="Olga" name="Sipacheva.Add_movie_true" tests="1" failures="0" timestamp="3 Apr 2016 23:08:13 GMT" time="1.332" errors="0">
  <testcase name="testAddMovieTrue" time="1.332" classname="Sipacheva.Add_movie_true"/>
</testsuite> <!-- Sipacheva.Add_movie_true -->
