<?xml version="1.0" encoding="UTF-8"?>
<!-- Generated by org.testng.reporters.JUnitReportReporter -->
<testsuite hostname="Olga" name="Sipacheva.LoginTest" tests="1" failures="0" timestamp="28 Mar 2016 20:08:25 GMT" time="3.816" errors="0">
  <testcase name="testUntitled" time="3.816" classname="Sipacheva.LoginTest"/>
</testsuite> <!-- Sipacheva.LoginTest -->
