<?xml version="1.0" encoding="UTF-8"?>
<!-- Generated by org.testng.reporters.JUnitReportReporter -->
<testsuite hostname="Olga" name="Sipacheva.LoginTest" tests="1" failures="0" timestamp="28 Mar 2016 20:44:30 GMT" time="2.674" errors="0">
  <testcase name="testUntitled" time="2.674" classname="Sipacheva.LoginTest"/>
</testsuite> <!-- Sipacheva.LoginTest -->
