<?xml version="1.0" encoding="UTF-8"?>
<!-- Generated by org.testng.reporters.JUnitReportReporter -->
<testsuite hostname="Olga" name="Sipacheva.HomePageTest" tests="2" failures="0" timestamp="27 Mar 2016 21:54:27 GMT" time="0.138" errors="0">
  <testcase name="test2" time="0.009" classname="Sipacheva.HomePageTest"/>
  <testcase name="testH1Existing" time="0.129" classname="Sipacheva.HomePageTest"/>
</testsuite> <!-- Sipacheva.HomePageTest -->
