<?xml version="1.0" encoding="UTF-8"?>
<!-- Generated by org.testng.reporters.JUnitReportReporter -->
<testsuite hostname="Olga" name="Sipacheva.LoginTest" tests="1" failures="0" timestamp="27 Mar 2016 21:59:14 GMT" time="2.477" errors="0">
  <testcase name="testUntitled" time="2.477" classname="Sipacheva.LoginTest"/>
</testsuite> <!-- Sipacheva.LoginTest -->
